CRITICAL - 2021-09-20 07:04:39 --> Undefined array key "numberOne"
#0 /home/samnoon/Documents/GitHub/ci4crud/app/Controllers/Calculation.php(33): CodeIgniter\Debug\Exceptions->errorHandler()
#1 /home/samnoon/Documents/GitHub/ci4crud/vendor/codeigniter4/framework/system/CodeIgniter.php(802): App\Controllers\Calculation->submitform()
#2 /home/samnoon/Documents/GitHub/ci4crud/vendor/codeigniter4/framework/system/CodeIgniter.php(399): CodeIgniter\CodeIgniter->runController()
#3 /home/samnoon/Documents/GitHub/ci4crud/vendor/codeigniter4/framework/system/CodeIgniter.php(317): CodeIgniter\CodeIgniter->handleRequest()
#4 /home/samnoon/Documents/GitHub/ci4crud/public/index.php(37): CodeIgniter\CodeIgniter->run()
#5 /home/samnoon/Documents/GitHub/ci4crud/vendor/codeigniter4/framework/system/Commands/Server/rewrite.php(43): require_once('...')
#6 {main}
CRITICAL - 2021-09-20 07:04:56 --> Undefined array key "numberOne"
#0 /home/samnoon/Documents/GitHub/ci4crud/app/Controllers/Calculation.php(33): CodeIgniter\Debug\Exceptions->errorHandler()
#1 /home/samnoon/Documents/GitHub/ci4crud/vendor/codeigniter4/framework/system/CodeIgniter.php(802): App\Controllers\Calculation->submitform()
#2 /home/samnoon/Documents/GitHub/ci4crud/vendor/codeigniter4/framework/system/CodeIgniter.php(399): CodeIgniter\CodeIgniter->runController()
#3 /home/samnoon/Documents/GitHub/ci4crud/vendor/codeigniter4/framework/system/CodeIgniter.php(317): CodeIgniter\CodeIgniter->handleRequest()
#4 /home/samnoon/Documents/GitHub/ci4crud/public/index.php(37): CodeIgniter\CodeIgniter->run()
#5 /home/samnoon/Documents/GitHub/ci4crud/vendor/codeigniter4/framework/system/Commands/Server/rewrite.php(43): require_once('...')
#6 {main}
CRITICAL - 2021-09-20 07:05:43 --> Undefined array key "numberOne"
#0 /home/samnoon/Documents/GitHub/ci4crud/app/Controllers/Calculation.php(33): CodeIgniter\Debug\Exceptions->errorHandler()
#1 /home/samnoon/Documents/GitHub/ci4crud/vendor/codeigniter4/framework/system/CodeIgniter.php(802): App\Controllers\Calculation->submitform()
#2 /home/samnoon/Documents/GitHub/ci4crud/vendor/codeigniter4/framework/system/CodeIgniter.php(399): CodeIgniter\CodeIgniter->runController()
#3 /home/samnoon/Documents/GitHub/ci4crud/vendor/codeigniter4/framework/system/CodeIgniter.php(317): CodeIgniter\CodeIgniter->handleRequest()
#4 /home/samnoon/Documents/GitHub/ci4crud/public/index.php(37): CodeIgniter\CodeIgniter->run()
#5 /home/samnoon/Documents/GitHub/ci4crud/vendor/codeigniter4/framework/system/Commands/Server/rewrite.php(43): require_once('...')
#6 {main}
CRITICAL - 2021-09-20 07:06:05 --> Undefined array key "numberOne"
#0 /home/samnoon/Documents/GitHub/ci4crud/app/Controllers/Calculation.php(33): CodeIgniter\Debug\Exceptions->errorHandler()
#1 /home/samnoon/Documents/GitHub/ci4crud/vendor/codeigniter4/framework/system/CodeIgniter.php(802): App\Controllers\Calculation->submitform()
#2 /home/samnoon/Documents/GitHub/ci4crud/vendor/codeigniter4/framework/system/CodeIgniter.php(399): CodeIgniter\CodeIgniter->runController()
#3 /home/samnoon/Documents/GitHub/ci4crud/vendor/codeigniter4/framework/system/CodeIgniter.php(317): CodeIgniter\CodeIgniter->handleRequest()
#4 /home/samnoon/Documents/GitHub/ci4crud/public/index.php(37): CodeIgniter\CodeIgniter->run()
#5 /home/samnoon/Documents/GitHub/ci4crud/vendor/codeigniter4/framework/system/Commands/Server/rewrite.php(43): require_once('...')
#6 {main}
CRITICAL - 2021-09-20 07:08:04 --> Undefined array key "firstname"
#0 /home/samnoon/Documents/GitHub/ci4crud/app/Controllers/Calculation.php(32): CodeIgniter\Debug\Exceptions->errorHandler()
#1 /home/samnoon/Documents/GitHub/ci4crud/vendor/codeigniter4/framework/system/CodeIgniter.php(802): App\Controllers\Calculation->submitform()
#2 /home/samnoon/Documents/GitHub/ci4crud/vendor/codeigniter4/framework/system/CodeIgniter.php(399): CodeIgniter\CodeIgniter->runController()
#3 /home/samnoon/Documents/GitHub/ci4crud/vendor/codeigniter4/framework/system/CodeIgniter.php(317): CodeIgniter\CodeIgniter->handleRequest()
#4 /home/samnoon/Documents/GitHub/ci4crud/public/index.php(37): CodeIgniter\CodeIgniter->run()
#5 /home/samnoon/Documents/GitHub/ci4crud/vendor/codeigniter4/framework/system/Commands/Server/rewrite.php(43): require_once('...')
#6 {main}
CRITICAL - 2021-09-20 07:08:29 --> Undefined array key "firstname"
#0 /home/samnoon/Documents/GitHub/ci4crud/app/Controllers/Calculation.php(32): CodeIgniter\Debug\Exceptions->errorHandler()
#1 /home/samnoon/Documents/GitHub/ci4crud/vendor/codeigniter4/framework/system/CodeIgniter.php(802): App\Controllers\Calculation->submitform()
#2 /home/samnoon/Documents/GitHub/ci4crud/vendor/codeigniter4/framework/system/CodeIgniter.php(399): CodeIgniter\CodeIgniter->runController()
#3 /home/samnoon/Documents/GitHub/ci4crud/vendor/codeigniter4/framework/system/CodeIgniter.php(317): CodeIgniter\CodeIgniter->handleRequest()
#4 /home/samnoon/Documents/GitHub/ci4crud/public/index.php(37): CodeIgniter\CodeIgniter->run()
#5 /home/samnoon/Documents/GitHub/ci4crud/vendor/codeigniter4/framework/system/Commands/Server/rewrite.php(43): require_once('...')
#6 {main}
CRITICAL - 2021-09-20 07:08:47 --> Undefined array key "firstname"
#0 /home/samnoon/Documents/GitHub/ci4crud/app/Controllers/Calculation.php(32): CodeIgniter\Debug\Exceptions->errorHandler()
#1 /home/samnoon/Documents/GitHub/ci4crud/vendor/codeigniter4/framework/system/CodeIgniter.php(802): App\Controllers\Calculation->submitform()
#2 /home/samnoon/Documents/GitHub/ci4crud/vendor/codeigniter4/framework/system/CodeIgniter.php(399): CodeIgniter\CodeIgniter->runController()
#3 /home/samnoon/Documents/GitHub/ci4crud/vendor/codeigniter4/framework/system/CodeIgniter.php(317): CodeIgniter\CodeIgniter->handleRequest()
#4 /home/samnoon/Documents/GitHub/ci4crud/public/index.php(37): CodeIgniter\CodeIgniter->run()
#5 /home/samnoon/Documents/GitHub/ci4crud/vendor/codeigniter4/framework/system/Commands/Server/rewrite.php(43): require_once('...')
#6 {main}
CRITICAL - 2021-09-20 07:09:36 --> Undefined array key "firstname"
#0 /home/samnoon/Documents/GitHub/ci4crud/app/Controllers/Calculation.php(32): CodeIgniter\Debug\Exceptions->errorHandler()
#1 /home/samnoon/Documents/GitHub/ci4crud/vendor/codeigniter4/framework/system/CodeIgniter.php(802): App\Controllers\Calculation->submitform()
#2 /home/samnoon/Documents/GitHub/ci4crud/vendor/codeigniter4/framework/system/CodeIgniter.php(399): CodeIgniter\CodeIgniter->runController()
#3 /home/samnoon/Documents/GitHub/ci4crud/vendor/codeigniter4/framework/system/CodeIgniter.php(317): CodeIgniter\CodeIgniter->handleRequest()
#4 /home/samnoon/Documents/GitHub/ci4crud/public/index.php(37): CodeIgniter\CodeIgniter->run()
#5 /home/samnoon/Documents/GitHub/ci4crud/vendor/codeigniter4/framework/system/Commands/Server/rewrite.php(43): require_once('...')
#6 {main}
CRITICAL - 2021-09-20 07:10:25 --> Undefined array key "firstname"
#0 /home/samnoon/Documents/GitHub/ci4crud/app/Controllers/Calculation.php(32): CodeIgniter\Debug\Exceptions->errorHandler()
#1 /home/samnoon/Documents/GitHub/ci4crud/vendor/codeigniter4/framework/system/CodeIgniter.php(802): App\Controllers\Calculation->submitform()
#2 /home/samnoon/Documents/GitHub/ci4crud/vendor/codeigniter4/framework/system/CodeIgniter.php(399): CodeIgniter\CodeIgniter->runController()
#3 /home/samnoon/Documents/GitHub/ci4crud/vendor/codeigniter4/framework/system/CodeIgniter.php(317): CodeIgniter\CodeIgniter->handleRequest()
#4 /home/samnoon/Documents/GitHub/ci4crud/public/index.php(37): CodeIgniter\CodeIgniter->run()
#5 /home/samnoon/Documents/GitHub/ci4crud/vendor/codeigniter4/framework/system/Commands/Server/rewrite.php(43): require_once('...')
#6 {main}
CRITICAL - 2021-09-20 07:11:33 --> Undefined array key "firstname"
#0 /home/samnoon/Documents/GitHub/ci4crud/app/Controllers/Calculation.php(32): CodeIgniter\Debug\Exceptions->errorHandler()
#1 /home/samnoon/Documents/GitHub/ci4crud/vendor/codeigniter4/framework/system/CodeIgniter.php(802): App\Controllers\Calculation->submitform()
#2 /home/samnoon/Documents/GitHub/ci4crud/vendor/codeigniter4/framework/system/CodeIgniter.php(399): CodeIgniter\CodeIgniter->runController()
#3 /home/samnoon/Documents/GitHub/ci4crud/vendor/codeigniter4/framework/system/CodeIgniter.php(317): CodeIgniter\CodeIgniter->handleRequest()
#4 /home/samnoon/Documents/GitHub/ci4crud/public/index.php(37): CodeIgniter\CodeIgniter->run()
#5 /home/samnoon/Documents/GitHub/ci4crud/vendor/codeigniter4/framework/system/Commands/Server/rewrite.php(43): require_once('...')
#6 {main}
CRITICAL - 2021-09-20 07:11:47 --> Undefined array key "firstname"
#0 /home/samnoon/Documents/GitHub/ci4crud/app/Controllers/Calculation.php(32): CodeIgniter\Debug\Exceptions->errorHandler()
#1 /home/samnoon/Documents/GitHub/ci4crud/vendor/codeigniter4/framework/system/CodeIgniter.php(802): App\Controllers\Calculation->submitform()
#2 /home/samnoon/Documents/GitHub/ci4crud/vendor/codeigniter4/framework/system/CodeIgniter.php(399): CodeIgniter\CodeIgniter->runController()
#3 /home/samnoon/Documents/GitHub/ci4crud/vendor/codeigniter4/framework/system/CodeIgniter.php(317): CodeIgniter\CodeIgniter->handleRequest()
#4 /home/samnoon/Documents/GitHub/ci4crud/public/index.php(37): CodeIgniter\CodeIgniter->run()
#5 /home/samnoon/Documents/GitHub/ci4crud/vendor/codeigniter4/framework/system/Commands/Server/rewrite.php(43): require_once('...')
#6 {main}
CRITICAL - 2021-09-20 07:11:51 --> Undefined array key "firstname"
#0 /home/samnoon/Documents/GitHub/ci4crud/app/Controllers/Calculation.php(32): CodeIgniter\Debug\Exceptions->errorHandler()
#1 /home/samnoon/Documents/GitHub/ci4crud/vendor/codeigniter4/framework/system/CodeIgniter.php(802): App\Controllers\Calculation->submitform()
#2 /home/samnoon/Documents/GitHub/ci4crud/vendor/codeigniter4/framework/system/CodeIgniter.php(399): CodeIgniter\CodeIgniter->runController()
#3 /home/samnoon/Documents/GitHub/ci4crud/vendor/codeigniter4/framework/system/CodeIgniter.php(317): CodeIgniter\CodeIgniter->handleRequest()
#4 /home/samnoon/Documents/GitHub/ci4crud/public/index.php(37): CodeIgniter\CodeIgniter->run()
#5 /home/samnoon/Documents/GitHub/ci4crud/vendor/codeigniter4/framework/system/Commands/Server/rewrite.php(43): require_once('...')
#6 {main}
CRITICAL - 2021-09-20 07:13:20 --> Undefined array key "firstname"
#0 /home/samnoon/Documents/GitHub/ci4crud/app/Controllers/Calculation.php(32): CodeIgniter\Debug\Exceptions->errorHandler()
#1 /home/samnoon/Documents/GitHub/ci4crud/vendor/codeigniter4/framework/system/CodeIgniter.php(802): App\Controllers\Calculation->submitform()
#2 /home/samnoon/Documents/GitHub/ci4crud/vendor/codeigniter4/framework/system/CodeIgniter.php(399): CodeIgniter\CodeIgniter->runController()
#3 /home/samnoon/Documents/GitHub/ci4crud/vendor/codeigniter4/framework/system/CodeIgniter.php(317): CodeIgniter\CodeIgniter->handleRequest()
#4 /home/samnoon/Documents/GitHub/ci4crud/public/index.php(37): CodeIgniter\CodeIgniter->run()
#5 /home/samnoon/Documents/GitHub/ci4crud/vendor/codeigniter4/framework/system/Commands/Server/rewrite.php(43): require_once('...')
#6 {main}
CRITICAL - 2021-09-20 07:13:49 --> Array to string conversion
#0 /home/samnoon/Documents/GitHub/ci4crud/app/Controllers/Calculation.php(38): CodeIgniter\Debug\Exceptions->errorHandler()
#1 /home/samnoon/Documents/GitHub/ci4crud/vendor/codeigniter4/framework/system/CodeIgniter.php(802): App\Controllers\Calculation->submitform()
#2 /home/samnoon/Documents/GitHub/ci4crud/vendor/codeigniter4/framework/system/CodeIgniter.php(399): CodeIgniter\CodeIgniter->runController()
#3 /home/samnoon/Documents/GitHub/ci4crud/vendor/codeigniter4/framework/system/CodeIgniter.php(317): CodeIgniter\CodeIgniter->handleRequest()
#4 /home/samnoon/Documents/GitHub/ci4crud/public/index.php(37): CodeIgniter\CodeIgniter->run()
#5 /home/samnoon/Documents/GitHub/ci4crud/vendor/codeigniter4/framework/system/Commands/Server/rewrite.php(43): require_once('...')
#6 {main}
CRITICAL - 2021-09-20 07:14:00 --> Array to string conversion
#0 /home/samnoon/Documents/GitHub/ci4crud/app/Controllers/Calculation.php(38): CodeIgniter\Debug\Exceptions->errorHandler()
#1 /home/samnoon/Documents/GitHub/ci4crud/vendor/codeigniter4/framework/system/CodeIgniter.php(802): App\Controllers\Calculation->submitform()
#2 /home/samnoon/Documents/GitHub/ci4crud/vendor/codeigniter4/framework/system/CodeIgniter.php(399): CodeIgniter\CodeIgniter->runController()
#3 /home/samnoon/Documents/GitHub/ci4crud/vendor/codeigniter4/framework/system/CodeIgniter.php(317): CodeIgniter\CodeIgniter->handleRequest()
#4 /home/samnoon/Documents/GitHub/ci4crud/public/index.php(37): CodeIgniter\CodeIgniter->run()
#5 /home/samnoon/Documents/GitHub/ci4crud/vendor/codeigniter4/framework/system/Commands/Server/rewrite.php(43): require_once('...')
#6 {main}
CRITICAL - 2021-09-20 07:14:10 --> Array to string conversion
#0 /home/samnoon/Documents/GitHub/ci4crud/app/Controllers/Calculation.php(38): CodeIgniter\Debug\Exceptions->errorHandler()
#1 /home/samnoon/Documents/GitHub/ci4crud/vendor/codeigniter4/framework/system/CodeIgniter.php(802): App\Controllers\Calculation->submitform()
#2 /home/samnoon/Documents/GitHub/ci4crud/vendor/codeigniter4/framework/system/CodeIgniter.php(399): CodeIgniter\CodeIgniter->runController()
#3 /home/samnoon/Documents/GitHub/ci4crud/vendor/codeigniter4/framework/system/CodeIgniter.php(317): CodeIgniter\CodeIgniter->handleRequest()
#4 /home/samnoon/Documents/GitHub/ci4crud/public/index.php(37): CodeIgniter\CodeIgniter->run()
#5 /home/samnoon/Documents/GitHub/ci4crud/vendor/codeigniter4/framework/system/Commands/Server/rewrite.php(43): require_once('...')
#6 {main}
CRITICAL - 2021-09-20 07:14:24 --> Undefined constant "App\Controllers\firstname"
#0 /home/samnoon/Documents/GitHub/ci4crud/vendor/codeigniter4/framework/system/CodeIgniter.php(802): App\Controllers\Calculation->submitform()
#1 /home/samnoon/Documents/GitHub/ci4crud/vendor/codeigniter4/framework/system/CodeIgniter.php(399): CodeIgniter\CodeIgniter->runController()
#2 /home/samnoon/Documents/GitHub/ci4crud/vendor/codeigniter4/framework/system/CodeIgniter.php(317): CodeIgniter\CodeIgniter->handleRequest()
#3 /home/samnoon/Documents/GitHub/ci4crud/public/index.php(37): CodeIgniter\CodeIgniter->run()
#4 /home/samnoon/Documents/GitHub/ci4crud/vendor/codeigniter4/framework/system/Commands/Server/rewrite.php(43): require_once('...')
#5 {main}
CRITICAL - 2021-09-20 07:15:57 --> Undefined variable $firstname
#0 /home/samnoon/Documents/GitHub/ci4crud/app/Views/submit_form.php(12): CodeIgniter\Debug\Exceptions->errorHandler()
#1 /home/samnoon/Documents/GitHub/ci4crud/vendor/codeigniter4/framework/system/View/View.php(214): include('...')
#2 /home/samnoon/Documents/GitHub/ci4crud/vendor/codeigniter4/framework/system/View/View.php(217): CodeIgniter\View\View->CodeIgniter\View\{closure}()
#3 /home/samnoon/Documents/GitHub/ci4crud/vendor/codeigniter4/framework/system/Common.php(1092): CodeIgniter\View\View->render()
#4 /home/samnoon/Documents/GitHub/ci4crud/app/Controllers/Calculation.php(38): view()
#5 /home/samnoon/Documents/GitHub/ci4crud/vendor/codeigniter4/framework/system/CodeIgniter.php(802): App\Controllers\Calculation->submitform()
#6 /home/samnoon/Documents/GitHub/ci4crud/vendor/codeigniter4/framework/system/CodeIgniter.php(399): CodeIgniter\CodeIgniter->runController()
#7 /home/samnoon/Documents/GitHub/ci4crud/vendor/codeigniter4/framework/system/CodeIgniter.php(317): CodeIgniter\CodeIgniter->handleRequest()
#8 /home/samnoon/Documents/GitHub/ci4crud/public/index.php(37): CodeIgniter\CodeIgniter->run()
#9 /home/samnoon/Documents/GitHub/ci4crud/vendor/codeigniter4/framework/system/Commands/Server/rewrite.php(43): require_once('...')
#10 {main}
CRITICAL - 2021-09-20 07:16:31 --> Undefined variable $firstname
#0 /home/samnoon/Documents/GitHub/ci4crud/app/Views/submit_form.php(12): CodeIgniter\Debug\Exceptions->errorHandler()
#1 /home/samnoon/Documents/GitHub/ci4crud/vendor/codeigniter4/framework/system/View/View.php(214): include('...')
#2 /home/samnoon/Documents/GitHub/ci4crud/vendor/codeigniter4/framework/system/View/View.php(217): CodeIgniter\View\View->CodeIgniter\View\{closure}()
#3 /home/samnoon/Documents/GitHub/ci4crud/vendor/codeigniter4/framework/system/Common.php(1092): CodeIgniter\View\View->render()
#4 /home/samnoon/Documents/GitHub/ci4crud/app/Controllers/Calculation.php(38): view()
#5 /home/samnoon/Documents/GitHub/ci4crud/vendor/codeigniter4/framework/system/CodeIgniter.php(802): App\Controllers\Calculation->submitform()
#6 /home/samnoon/Documents/GitHub/ci4crud/vendor/codeigniter4/framework/system/CodeIgniter.php(399): CodeIgniter\CodeIgniter->runController()
#7 /home/samnoon/Documents/GitHub/ci4crud/vendor/codeigniter4/framework/system/CodeIgniter.php(317): CodeIgniter\CodeIgniter->handleRequest()
#8 /home/samnoon/Documents/GitHub/ci4crud/public/index.php(37): CodeIgniter\CodeIgniter->run()
#9 /home/samnoon/Documents/GitHub/ci4crud/vendor/codeigniter4/framework/system/Commands/Server/rewrite.php(43): require_once('...')
#10 {main}
